[2019-06-07T09:29:20.260] [ERROR] statistics - 查询直通率统计失败 Error: Cannot call Sequelize.col() with array outside of order / group clause
    at MySQLQueryGenerator.handleSequelizeMethod (E:\学习资料\前端开发\amorphous_node\node_modules\sequelize\lib\dialects\abstract\query-generator.js:2010:15)
    at MySQLQueryGenerator.handleSequelizeMethod (E:\学习资料\前端开发\amorphous_node\node_modules\sequelize\lib\dialects\mysql\query-generator.js:266:18)
    at smth.args.map.arg (E:\学习资料\前端开发\amorphous_node\node_modules\sequelize\lib\dialects\abstract\query-generator.js:2000:23)
    at Array.map (<anonymous>)
    at MySQLQueryGenerator.handleSequelizeMethod (E:\学习资料\前端开发\amorphous_node\node_modules\sequelize\lib\dialects\abstract\query-generator.js:1998:38)
    at MySQLQueryGenerator.handleSequelizeMethod (E:\学习资料\前端开发\amorphous_node\node_modules\sequelize\lib\dialects\mysql\query-generator.js:266:18)
    at attributes.map.attr (E:\学习资料\前端开发\amorphous_node\node_modules\sequelize\lib\dialects\abstract\query-generator.js:1383:26)
    at Array.map (<anonymous>)
    at MySQLQueryGenerator.escapeAttributes (E:\学习资料\前端开发\amorphous_node\node_modules\sequelize\lib\dialects\abstract\query-generator.js:1370:37)
    at MySQLQueryGenerator.selectQuery (E:\学习资料\前端开发\amorphous_node\node_modules\sequelize\lib\dialects\abstract\query-generator.js:1136:28)
    at QueryInterface.rawSelect (E:\学习资料\前端开发\amorphous_node\node_modules\sequelize\lib\query-interface.js:1156:37)
    at Function.aggregate (E:\学习资料\前端开发\amorphous_node\node_modules\sequelize\lib\model.js:1985:32)
    at queryDataOfRatio (E:\学习资料\前端开发\amorphous_node\controller\statistics.js:119:32)
    at Layer.handle [as handle_request] (E:\学习资料\前端开发\amorphous_node\node_modules\express\lib\router\layer.js:95:5)
    at next (E:\学习资料\前端开发\amorphous_node\node_modules\express\lib\router\route.js:137:13)
    at Route.dispatch (E:\学习资料\前端开发\amorphous_node\node_modules\express\lib\router\route.js:112:3)
    at Layer.handle [as handle_request] (E:\学习资料\前端开发\amorphous_node\node_modules\express\lib\router\layer.js:95:5)
    at E:\学习资料\前端开发\amorphous_node\node_modules\express\lib\router\index.js:281:22
    at Function.process_params (E:\学习资料\前端开发\amorphous_node\node_modules\express\lib\router\index.js:335:12)
    at next (E:\学习资料\前端开发\amorphous_node\node_modules\express\lib\router\index.js:275:10)
    at Function.handle (E:\学习资料\前端开发\amorphous_node\node_modules\express\lib\router\index.js:174:3)
    at router (E:\学习资料\前端开发\amorphous_node\node_modules\express\lib\router\index.js:47:12)
    at Layer.handle [as handle_request] (E:\学习资料\前端开发\amorphous_node\node_modules\express\lib\router\layer.js:95:5)
    at trim_prefix (E:\学习资料\前端开发\amorphous_node\node_modules\express\lib\router\index.js:317:13)
    at E:\学习资料\前端开发\amorphous_node\node_modules\express\lib\router\index.js:284:7
    at Function.process_params (E:\学习资料\前端开发\amorphous_node\node_modules\express\lib\router\index.js:335:12)
    at next (E:\学习资料\前端开发\amorphous_node\node_modules\express\lib\router\index.js:275:10)
    at checkLogin (E:\学习资料\前端开发\amorphous_node\middleware\checkLogin.js:9:5)
[2019-06-07T09:29:30.571] [ERROR] statistics - 查询直通率统计失败 Error: Cannot call Sequelize.col() with array outside of order / group clause
    at MySQLQueryGenerator.handleSequelizeMethod (E:\学习资料\前端开发\amorphous_node\node_modules\sequelize\lib\dialects\abstract\query-generator.js:2010:15)
    at MySQLQueryGenerator.handleSequelizeMethod (E:\学习资料\前端开发\amorphous_node\node_modules\sequelize\lib\dialects\mysql\query-generator.js:266:18)
    at smth.args.map.arg (E:\学习资料\前端开发\amorphous_node\node_modules\sequelize\lib\dialects\abstract\query-generator.js:2000:23)
    at Array.map (<anonymous>)
    at MySQLQueryGenerator.handleSequelizeMethod (E:\学习资料\前端开发\amorphous_node\node_modules\sequelize\lib\dialects\abstract\query-generator.js:1998:38)
    at MySQLQueryGenerator.handleSequelizeMethod (E:\学习资料\前端开发\amorphous_node\node_modules\sequelize\lib\dialects\mysql\query-generator.js:266:18)
    at attributes.map.attr (E:\学习资料\前端开发\amorphous_node\node_modules\sequelize\lib\dialects\abstract\query-generator.js:1383:26)
    at Array.map (<anonymous>)
    at MySQLQueryGenerator.escapeAttributes (E:\学习资料\前端开发\amorphous_node\node_modules\sequelize\lib\dialects\abstract\query-generator.js:1370:37)
    at MySQLQueryGenerator.selectQuery (E:\学习资料\前端开发\amorphous_node\node_modules\sequelize\lib\dialects\abstract\query-generator.js:1136:28)
    at QueryInterface.rawSelect (E:\学习资料\前端开发\amorphous_node\node_modules\sequelize\lib\query-interface.js:1156:37)
    at Function.aggregate (E:\学习资料\前端开发\amorphous_node\node_modules\sequelize\lib\model.js:1985:32)
    at queryDataOfRatio (E:\学习资料\前端开发\amorphous_node\controller\statistics.js:166:32)
    at Layer.handle [as handle_request] (E:\学习资料\前端开发\amorphous_node\node_modules\express\lib\router\layer.js:95:5)
    at next (E:\学习资料\前端开发\amorphous_node\node_modules\express\lib\router\route.js:137:13)
    at Route.dispatch (E:\学习资料\前端开发\amorphous_node\node_modules\express\lib\router\route.js:112:3)
    at Layer.handle [as handle_request] (E:\学习资料\前端开发\amorphous_node\node_modules\express\lib\router\layer.js:95:5)
    at E:\学习资料\前端开发\amorphous_node\node_modules\express\lib\router\index.js:281:22
    at Function.process_params (E:\学习资料\前端开发\amorphous_node\node_modules\express\lib\router\index.js:335:12)
    at next (E:\学习资料\前端开发\amorphous_node\node_modules\express\lib\router\index.js:275:10)
    at Function.handle (E:\学习资料\前端开发\amorphous_node\node_modules\express\lib\router\index.js:174:3)
    at router (E:\学习资料\前端开发\amorphous_node\node_modules\express\lib\router\index.js:47:12)
    at Layer.handle [as handle_request] (E:\学习资料\前端开发\amorphous_node\node_modules\express\lib\router\layer.js:95:5)
    at trim_prefix (E:\学习资料\前端开发\amorphous_node\node_modules\express\lib\router\index.js:317:13)
    at E:\学习资料\前端开发\amorphous_node\node_modules\express\lib\router\index.js:284:7
    at Function.process_params (E:\学习资料\前端开发\amorphous_node\node_modules\express\lib\router\index.js:335:12)
    at next (E:\学习资料\前端开发\amorphous_node\node_modules\express\lib\router\index.js:275:10)
    at checkLogin (E:\学习资料\前端开发\amorphous_node\middleware\checkLogin.js:9:5)
[2019-06-07T09:29:30.822] [ERROR] statistics - 查询直通率统计失败 Error: Cannot call Sequelize.col() with array outside of order / group clause
    at MySQLQueryGenerator.handleSequelizeMethod (E:\学习资料\前端开发\amorphous_node\node_modules\sequelize\lib\dialects\abstract\query-generator.js:2010:15)
    at MySQLQueryGenerator.handleSequelizeMethod (E:\学习资料\前端开发\amorphous_node\node_modules\sequelize\lib\dialects\mysql\query-generator.js:266:18)
    at smth.args.map.arg (E:\学习资料\前端开发\amorphous_node\node_modules\sequelize\lib\dialects\abstract\query-generator.js:2000:23)
    at Array.map (<anonymous>)
    at MySQLQueryGenerator.handleSequelizeMethod (E:\学习资料\前端开发\amorphous_node\node_modules\sequelize\lib\dialects\abstract\query-generator.js:1998:38)
    at MySQLQueryGenerator.handleSequelizeMethod (E:\学习资料\前端开发\amorphous_node\node_modules\sequelize\lib\dialects\mysql\query-generator.js:266:18)
    at attributes.map.attr (E:\学习资料\前端开发\amorphous_node\node_modules\sequelize\lib\dialects\abstract\query-generator.js:1383:26)
    at Array.map (<anonymous>)
    at MySQLQueryGenerator.escapeAttributes (E:\学习资料\前端开发\amorphous_node\node_modules\sequelize\lib\dialects\abstract\query-generator.js:1370:37)
    at MySQLQueryGenerator.selectQuery (E:\学习资料\前端开发\amorphous_node\node_modules\sequelize\lib\dialects\abstract\query-generator.js:1136:28)
    at QueryInterface.rawSelect (E:\学习资料\前端开发\amorphous_node\node_modules\sequelize\lib\query-interface.js:1156:37)
    at Function.aggregate (E:\学习资料\前端开发\amorphous_node\node_modules\sequelize\lib\model.js:1985:32)
    at queryDataOfRatio (E:\学习资料\前端开发\amorphous_node\controller\statistics.js:204:32)
    at Layer.handle [as handle_request] (E:\学习资料\前端开发\amorphous_node\node_modules\express\lib\router\layer.js:95:5)
    at next (E:\学习资料\前端开发\amorphous_node\node_modules\express\lib\router\route.js:137:13)
    at Route.dispatch (E:\学习资料\前端开发\amorphous_node\node_modules\express\lib\router\route.js:112:3)
    at Layer.handle [as handle_request] (E:\学习资料\前端开发\amorphous_node\node_modules\express\lib\router\layer.js:95:5)
    at E:\学习资料\前端开发\amorphous_node\node_modules\express\lib\router\index.js:281:22
    at Function.process_params (E:\学习资料\前端开发\amorphous_node\node_modules\express\lib\router\index.js:335:12)
    at next (E:\学习资料\前端开发\amorphous_node\node_modules\express\lib\router\index.js:275:10)
    at Function.handle (E:\学习资料\前端开发\amorphous_node\node_modules\express\lib\router\index.js:174:3)
    at router (E:\学习资料\前端开发\amorphous_node\node_modules\express\lib\router\index.js:47:12)
    at Layer.handle [as handle_request] (E:\学习资料\前端开发\amorphous_node\node_modules\express\lib\router\layer.js:95:5)
    at trim_prefix (E:\学习资料\前端开发\amorphous_node\node_modules\express\lib\router\index.js:317:13)
    at E:\学习资料\前端开发\amorphous_node\node_modules\express\lib\router\index.js:284:7
    at Function.process_params (E:\学习资料\前端开发\amorphous_node\node_modules\express\lib\router\index.js:335:12)
    at next (E:\学习资料\前端开发\amorphous_node\node_modules\express\lib\router\index.js:275:10)
    at checkLogin (E:\学习资料\前端开发\amorphous_node\middleware\checkLogin.js:9:5)
[2019-06-07T09:29:31.650] [ERROR] statistics - 查询直通率统计失败 Error: Cannot call Sequelize.col() with array outside of order / group clause
    at MySQLQueryGenerator.handleSequelizeMethod (E:\学习资料\前端开发\amorphous_node\node_modules\sequelize\lib\dialects\abstract\query-generator.js:2010:15)
    at MySQLQueryGenerator.handleSequelizeMethod (E:\学习资料\前端开发\amorphous_node\node_modules\sequelize\lib\dialects\mysql\query-generator.js:266:18)
    at smth.args.map.arg (E:\学习资料\前端开发\amorphous_node\node_modules\sequelize\lib\dialects\abstract\query-generator.js:2000:23)
    at Array.map (<anonymous>)
    at MySQLQueryGenerator.handleSequelizeMethod (E:\学习资料\前端开发\amorphous_node\node_modules\sequelize\lib\dialects\abstract\query-generator.js:1998:38)
    at MySQLQueryGenerator.handleSequelizeMethod (E:\学习资料\前端开发\amorphous_node\node_modules\sequelize\lib\dialects\mysql\query-generator.js:266:18)
    at attributes.map.attr (E:\学习资料\前端开发\amorphous_node\node_modules\sequelize\lib\dialects\abstract\query-generator.js:1383:26)
    at Array.map (<anonymous>)
    at MySQLQueryGenerator.escapeAttributes (E:\学习资料\前端开发\amorphous_node\node_modules\sequelize\lib\dialects\abstract\query-generator.js:1370:37)
    at MySQLQueryGenerator.selectQuery (E:\学习资料\前端开发\amorphous_node\node_modules\sequelize\lib\dialects\abstract\query-generator.js:1136:28)
    at QueryInterface.rawSelect (E:\学习资料\前端开发\amorphous_node\node_modules\sequelize\lib\query-interface.js:1156:37)
    at Function.aggregate (E:\学习资料\前端开发\amorphous_node\node_modules\sequelize\lib\model.js:1985:32)
    at queryDataOfRatio (E:\学习资料\前端开发\amorphous_node\controller\statistics.js:119:32)
    at Layer.handle [as handle_request] (E:\学习资料\前端开发\amorphous_node\node_modules\express\lib\router\layer.js:95:5)
    at next (E:\学习资料\前端开发\amorphous_node\node_modules\express\lib\router\route.js:137:13)
    at Route.dispatch (E:\学习资料\前端开发\amorphous_node\node_modules\express\lib\router\route.js:112:3)
    at Layer.handle [as handle_request] (E:\学习资料\前端开发\amorphous_node\node_modules\express\lib\router\layer.js:95:5)
    at E:\学习资料\前端开发\amorphous_node\node_modules\express\lib\router\index.js:281:22
    at Function.process_params (E:\学习资料\前端开发\amorphous_node\node_modules\express\lib\router\index.js:335:12)
    at next (E:\学习资料\前端开发\amorphous_node\node_modules\express\lib\router\index.js:275:10)
    at Function.handle (E:\学习资料\前端开发\amorphous_node\node_modules\express\lib\router\index.js:174:3)
    at router (E:\学习资料\前端开发\amorphous_node\node_modules\express\lib\router\index.js:47:12)
    at Layer.handle [as handle_request] (E:\学习资料\前端开发\amorphous_node\node_modules\express\lib\router\layer.js:95:5)
    at trim_prefix (E:\学习资料\前端开发\amorphous_node\node_modules\express\lib\router\index.js:317:13)
    at E:\学习资料\前端开发\amorphous_node\node_modules\express\lib\router\index.js:284:7
    at Function.process_params (E:\学习资料\前端开发\amorphous_node\node_modules\express\lib\router\index.js:335:12)
    at next (E:\学习资料\前端开发\amorphous_node\node_modules\express\lib\router\index.js:275:10)
    at checkLogin (E:\学习资料\前端开发\amorphous_node\middleware\checkLogin.js:9:5)
[2019-06-07T09:29:38.267] [ERROR] statistics - 查询带材质量统计失败 TypeError: castModel.countDocuments is not a function
    at queryDataOfQuality (E:\学习资料\前端开发\amorphous_node\controller\statistics.js:46:37)
    at Layer.handle [as handle_request] (E:\学习资料\前端开发\amorphous_node\node_modules\express\lib\router\layer.js:95:5)
    at next (E:\学习资料\前端开发\amorphous_node\node_modules\express\lib\router\route.js:137:13)
    at Route.dispatch (E:\学习资料\前端开发\amorphous_node\node_modules\express\lib\router\route.js:112:3)
    at Layer.handle [as handle_request] (E:\学习资料\前端开发\amorphous_node\node_modules\express\lib\router\layer.js:95:5)
    at E:\学习资料\前端开发\amorphous_node\node_modules\express\lib\router\index.js:281:22
    at Function.process_params (E:\学习资料\前端开发\amorphous_node\node_modules\express\lib\router\index.js:335:12)
    at next (E:\学习资料\前端开发\amorphous_node\node_modules\express\lib\router\index.js:275:10)
    at Function.handle (E:\学习资料\前端开发\amorphous_node\node_modules\express\lib\router\index.js:174:3)
    at router (E:\学习资料\前端开发\amorphous_node\node_modules\express\lib\router\index.js:47:12)
    at Layer.handle [as handle_request] (E:\学习资料\前端开发\amorphous_node\node_modules\express\lib\router\layer.js:95:5)
    at trim_prefix (E:\学习资料\前端开发\amorphous_node\node_modules\express\lib\router\index.js:317:13)
    at E:\学习资料\前端开发\amorphous_node\node_modules\express\lib\router\index.js:284:7
    at Function.process_params (E:\学习资料\前端开发\amorphous_node\node_modules\express\lib\router\index.js:335:12)
    at next (E:\学习资料\前端开发\amorphous_node\node_modules\express\lib\router\index.js:275:10)
    at checkLogin (E:\学习资料\前端开发\amorphous_node\middleware\checkLogin.js:9:5)
    at Layer.handle [as handle_request] (E:\学习资料\前端开发\amorphous_node\node_modules\express\lib\router\layer.js:95:5)
    at trim_prefix (E:\学习资料\前端开发\amorphous_node\node_modules\express\lib\router\index.js:317:13)
    at E:\学习资料\前端开发\amorphous_node\node_modules\express\lib\router\index.js:284:7
    at Function.process_params (E:\学习资料\前端开发\amorphous_node\node_modules\express\lib\router\index.js:335:12)
    at next (E:\学习资料\前端开发\amorphous_node\node_modules\express\lib\router\index.js:275:10)
    at E:\学习资料\前端开发\amorphous_node\node_modules\express-session\index.js:489:7
    at tryCatcher (E:\学习资料\前端开发\amorphous_node\node_modules\bluebird\js\release\util.js:16:23)
    at Promise.successAdapter [as _fulfillmentHandler0] (E:\学习资料\前端开发\amorphous_node\node_modules\bluebird\js\release\nodeify.js:23:30)
    at Promise._settlePromise (E:\学习资料\前端开发\amorphous_node\node_modules\bluebird\js\release\promise.js:566:21)
    at Promise._settlePromise0 (E:\学习资料\前端开发\amorphous_node\node_modules\bluebird\js\release\promise.js:614:10)
    at Promise._settlePromises (E:\学习资料\前端开发\amorphous_node\node_modules\bluebird\js\release\promise.js:693:18)
    at Async._drainQueue (E:\学习资料\前端开发\amorphous_node\node_modules\bluebird\js\release\async.js:133:16)
[2019-06-07T09:29:41.311] [ERROR] statistics - 查询直通率统计失败 Error: Cannot call Sequelize.col() with array outside of order / group clause
    at MySQLQueryGenerator.handleSequelizeMethod (E:\学习资料\前端开发\amorphous_node\node_modules\sequelize\lib\dialects\abstract\query-generator.js:2010:15)
    at MySQLQueryGenerator.handleSequelizeMethod (E:\学习资料\前端开发\amorphous_node\node_modules\sequelize\lib\dialects\mysql\query-generator.js:266:18)
    at smth.args.map.arg (E:\学习资料\前端开发\amorphous_node\node_modules\sequelize\lib\dialects\abstract\query-generator.js:2000:23)
    at Array.map (<anonymous>)
    at MySQLQueryGenerator.handleSequelizeMethod (E:\学习资料\前端开发\amorphous_node\node_modules\sequelize\lib\dialects\abstract\query-generator.js:1998:38)
    at MySQLQueryGenerator.handleSequelizeMethod (E:\学习资料\前端开发\amorphous_node\node_modules\sequelize\lib\dialects\mysql\query-generator.js:266:18)
    at attributes.map.attr (E:\学习资料\前端开发\amorphous_node\node_modules\sequelize\lib\dialects\abstract\query-generator.js:1383:26)
    at Array.map (<anonymous>)
    at MySQLQueryGenerator.escapeAttributes (E:\学习资料\前端开发\amorphous_node\node_modules\sequelize\lib\dialects\abstract\query-generator.js:1370:37)
    at MySQLQueryGenerator.selectQuery (E:\学习资料\前端开发\amorphous_node\node_modules\sequelize\lib\dialects\abstract\query-generator.js:1136:28)
    at QueryInterface.rawSelect (E:\学习资料\前端开发\amorphous_node\node_modules\sequelize\lib\query-interface.js:1156:37)
    at Function.aggregate (E:\学习资料\前端开发\amorphous_node\node_modules\sequelize\lib\model.js:1985:32)
    at queryDataOfRatio (E:\学习资料\前端开发\amorphous_node\controller\statistics.js:119:32)
    at Layer.handle [as handle_request] (E:\学习资料\前端开发\amorphous_node\node_modules\express\lib\router\layer.js:95:5)
    at next (E:\学习资料\前端开发\amorphous_node\node_modules\express\lib\router\route.js:137:13)
    at Route.dispatch (E:\学习资料\前端开发\amorphous_node\node_modules\express\lib\router\route.js:112:3)
    at Layer.handle [as handle_request] (E:\学习资料\前端开发\amorphous_node\node_modules\express\lib\router\layer.js:95:5)
    at E:\学习资料\前端开发\amorphous_node\node_modules\express\lib\router\index.js:281:22
    at Function.process_params (E:\学习资料\前端开发\amorphous_node\node_modules\express\lib\router\index.js:335:12)
    at next (E:\学习资料\前端开发\amorphous_node\node_modules\express\lib\router\index.js:275:10)
    at Function.handle (E:\学习资料\前端开发\amorphous_node\node_modules\express\lib\router\index.js:174:3)
    at router (E:\学习资料\前端开发\amorphous_node\node_modules\express\lib\router\index.js:47:12)
    at Layer.handle [as handle_request] (E:\学习资料\前端开发\amorphous_node\node_modules\express\lib\router\layer.js:95:5)
    at trim_prefix (E:\学习资料\前端开发\amorphous_node\node_modules\express\lib\router\index.js:317:13)
    at E:\学习资料\前端开发\amorphous_node\node_modules\express\lib\router\index.js:284:7
    at Function.process_params (E:\学习资料\前端开发\amorphous_node\node_modules\express\lib\router\index.js:335:12)
    at next (E:\学习资料\前端开发\amorphous_node\node_modules\express\lib\router\index.js:275:10)
    at checkLogin (E:\学习资料\前端开发\amorphous_node\middleware\checkLogin.js:9:5)
[2019-06-07T09:29:42.245] [ERROR] statistics - 查询带材质量统计失败 TypeError: castModel.countDocuments is not a function
    at queryDataOfQuality (E:\学习资料\前端开发\amorphous_node\controller\statistics.js:46:37)
    at Layer.handle [as handle_request] (E:\学习资料\前端开发\amorphous_node\node_modules\express\lib\router\layer.js:95:5)
    at next (E:\学习资料\前端开发\amorphous_node\node_modules\express\lib\router\route.js:137:13)
    at Route.dispatch (E:\学习资料\前端开发\amorphous_node\node_modules\express\lib\router\route.js:112:3)
    at Layer.handle [as handle_request] (E:\学习资料\前端开发\amorphous_node\node_modules\express\lib\router\layer.js:95:5)
    at E:\学习资料\前端开发\amorphous_node\node_modules\express\lib\router\index.js:281:22
    at Function.process_params (E:\学习资料\前端开发\amorphous_node\node_modules\express\lib\router\index.js:335:12)
    at next (E:\学习资料\前端开发\amorphous_node\node_modules\express\lib\router\index.js:275:10)
    at Function.handle (E:\学习资料\前端开发\amorphous_node\node_modules\express\lib\router\index.js:174:3)
    at router (E:\学习资料\前端开发\amorphous_node\node_modules\express\lib\router\index.js:47:12)
    at Layer.handle [as handle_request] (E:\学习资料\前端开发\amorphous_node\node_modules\express\lib\router\layer.js:95:5)
    at trim_prefix (E:\学习资料\前端开发\amorphous_node\node_modules\express\lib\router\index.js:317:13)
    at E:\学习资料\前端开发\amorphous_node\node_modules\express\lib\router\index.js:284:7
    at Function.process_params (E:\学习资料\前端开发\amorphous_node\node_modules\express\lib\router\index.js:335:12)
    at next (E:\学习资料\前端开发\amorphous_node\node_modules\express\lib\router\index.js:275:10)
    at checkLogin (E:\学习资料\前端开发\amorphous_node\middleware\checkLogin.js:9:5)
    at Layer.handle [as handle_request] (E:\学习资料\前端开发\amorphous_node\node_modules\express\lib\router\layer.js:95:5)
    at trim_prefix (E:\学习资料\前端开发\amorphous_node\node_modules\express\lib\router\index.js:317:13)
    at E:\学习资料\前端开发\amorphous_node\node_modules\express\lib\router\index.js:284:7
    at Function.process_params (E:\学习资料\前端开发\amorphous_node\node_modules\express\lib\router\index.js:335:12)
    at next (E:\学习资料\前端开发\amorphous_node\node_modules\express\lib\router\index.js:275:10)
    at E:\学习资料\前端开发\amorphous_node\node_modules\express-session\index.js:489:7
    at tryCatcher (E:\学习资料\前端开发\amorphous_node\node_modules\bluebird\js\release\util.js:16:23)
    at Promise.successAdapter [as _fulfillmentHandler0] (E:\学习资料\前端开发\amorphous_node\node_modules\bluebird\js\release\nodeify.js:23:30)
    at Promise._settlePromise (E:\学习资料\前端开发\amorphous_node\node_modules\bluebird\js\release\promise.js:566:21)
    at Promise._settlePromise0 (E:\学习资料\前端开发\amorphous_node\node_modules\bluebird\js\release\promise.js:614:10)
    at Promise._settlePromises (E:\学习资料\前端开发\amorphous_node\node_modules\bluebird\js\release\promise.js:693:18)
    at Async._drainQueue (E:\学习资料\前端开发\amorphous_node\node_modules\bluebird\js\release\async.js:133:16)
[2019-06-07T10:18:04.717] [ERROR] statistics - 查询带材质量统计失败 TypeError: castModel.countDocuments is not a function
    at queryDataOfQuality (E:\学习资料\前端开发\amorphous_node\controller\statistics.js:46:37)
    at Layer.handle [as handle_request] (E:\学习资料\前端开发\amorphous_node\node_modules\express\lib\router\layer.js:95:5)
    at next (E:\学习资料\前端开发\amorphous_node\node_modules\express\lib\router\route.js:137:13)
    at Route.dispatch (E:\学习资料\前端开发\amorphous_node\node_modules\express\lib\router\route.js:112:3)
    at Layer.handle [as handle_request] (E:\学习资料\前端开发\amorphous_node\node_modules\express\lib\router\layer.js:95:5)
    at E:\学习资料\前端开发\amorphous_node\node_modules\express\lib\router\index.js:281:22
    at Function.process_params (E:\学习资料\前端开发\amorphous_node\node_modules\express\lib\router\index.js:335:12)
    at next (E:\学习资料\前端开发\amorphous_node\node_modules\express\lib\router\index.js:275:10)
    at Function.handle (E:\学习资料\前端开发\amorphous_node\node_modules\express\lib\router\index.js:174:3)
    at router (E:\学习资料\前端开发\amorphous_node\node_modules\express\lib\router\index.js:47:12)
    at Layer.handle [as handle_request] (E:\学习资料\前端开发\amorphous_node\node_modules\express\lib\router\layer.js:95:5)
    at trim_prefix (E:\学习资料\前端开发\amorphous_node\node_modules\express\lib\router\index.js:317:13)
    at E:\学习资料\前端开发\amorphous_node\node_modules\express\lib\router\index.js:284:7
    at Function.process_params (E:\学习资料\前端开发\amorphous_node\node_modules\express\lib\router\index.js:335:12)
    at next (E:\学习资料\前端开发\amorphous_node\node_modules\express\lib\router\index.js:275:10)
    at checkLogin (E:\学习资料\前端开发\amorphous_node\middleware\checkLogin.js:9:5)
    at Layer.handle [as handle_request] (E:\学习资料\前端开发\amorphous_node\node_modules\express\lib\router\layer.js:95:5)
    at trim_prefix (E:\学习资料\前端开发\amorphous_node\node_modules\express\lib\router\index.js:317:13)
    at E:\学习资料\前端开发\amorphous_node\node_modules\express\lib\router\index.js:284:7
    at Function.process_params (E:\学习资料\前端开发\amorphous_node\node_modules\express\lib\router\index.js:335:12)
    at next (E:\学习资料\前端开发\amorphous_node\node_modules\express\lib\router\index.js:275:10)
    at E:\学习资料\前端开发\amorphous_node\node_modules\express-session\index.js:489:7
    at tryCatcher (E:\学习资料\前端开发\amorphous_node\node_modules\bluebird\js\release\util.js:16:23)
    at Promise.successAdapter [as _fulfillmentHandler0] (E:\学习资料\前端开发\amorphous_node\node_modules\bluebird\js\release\nodeify.js:23:30)
    at Promise._settlePromise (E:\学习资料\前端开发\amorphous_node\node_modules\bluebird\js\release\promise.js:566:21)
    at Promise._settlePromise0 (E:\学习资料\前端开发\amorphous_node\node_modules\bluebird\js\release\promise.js:614:10)
    at Promise._settlePromises (E:\学习资料\前端开发\amorphous_node\node_modules\bluebird\js\release\promise.js:693:18)
    at Async._drainQueue (E:\学习资料\前端开发\amorphous_node\node_modules\bluebird\js\release\async.js:133:16)
